<?xml version="1.0" encoding="UTF-8"?>
<!-- Generated by org.testng.reporters.JUnitReportReporter -->
<testsuite hostname="PUNITP160285L" failures="0" tests="1" name="cucumberOptions.TestRunner" time="40.093" errors="0" timestamp="2021-03-01T11:58:30 IST" skipped="0">
  <testcase classname="cucumberOptions.TestRunner" name="feature" time="40.093"/>
  <system-out/>
</testsuite> <!-- cucumberOptions.TestRunner -->
