<?xml version="1.0" encoding="UTF-8"?>
<!-- Generated by org.testng.reporters.JUnitReportReporter -->
<testsuite hostname="PUNITP160285L" failures="0" tests="1" name="mavenAcademy.validateTitle" time="0.193" errors="0" timestamp="2021-02-28T15:34:48 IST" skipped="0">
  <testcase classname="mavenAcademy.validateTitle" name="basePageNavigation" time="0.193"/>
  <system-out/>
</testsuite> <!-- mavenAcademy.validateTitle -->
