<?xml version="1.0" encoding="UTF-8"?>
<!-- Generated by org.testng.reporters.JUnitReportReporter -->
<testsuite hostname="PUNITP160285L" failures="0" tests="2" name="mavenAcademy.HomePage" time="19.305" errors="0" timestamp="2021-02-28T15:34:48 IST" skipped="0">
  <testcase classname="mavenAcademy.HomePage" name="basePageNavigation" time="7.927"/>
  <system-out/>
  <testcase classname="mavenAcademy.HomePage" name="basePageNavigation" time="11.378"/>
  <system-out/>
</testsuite> <!-- mavenAcademy.HomePage -->
