<?xml version="1.0" encoding="UTF-8"?>
<!-- Generated by org.testng.reporters.JUnitReportReporter -->
<testsuite skipped="0" hostname="PUNITP160285L" name="mavenAcademy.HomePage" tests="2" failures="0" timestamp="2021-02-28T15:10:38 IST" time="22.612" errors="0">
  <testcase name="basePageNavigation" time="7.892" classname="mavenAcademy.HomePage"/>
  <system-out/>
  <testcase name="basePageNavigation" time="14.720" classname="mavenAcademy.HomePage"/>
  <system-out/>
</testsuite> <!-- mavenAcademy.HomePage -->
