<?xml version="1.0" encoding="UTF-8"?>
<!-- Generated by org.testng.reporters.JUnitReportReporter -->
<testsuite skipped="0" hostname="PUNITP160285L" name="mavenAcademy.validateTitle" tests="1" failures="0" timestamp="2021-02-28T15:10:38 IST" time="0.315" errors="0">
  <testcase name="basePageNavigation" time="0.315" classname="mavenAcademy.validateTitle"/>
  <system-out/>
</testsuite> <!-- mavenAcademy.validateTitle -->
